<?xml version="1.0" encoding="UTF-8"?>
<!-- Generated by org.testng.reporters.JUnitReportReporter -->
<testsuite skipped="0" hostname="DESKTOP-U4UFQUC" name="com.taxgenie.testcases.Login" tests="2" failures="0" timestamp="17 Jun 2019 13:58:57 GMT" time="15.543" errors="0">
  <testcase name="login" time="10.453" classname="com.taxgenie.testcases.Login"/>
  <testcase name="companyselection" time="5.090" classname="com.taxgenie.testcases.Login"/>
</testsuite> <!-- com.taxgenie.testcases.Login -->
