<?xml version="1.0" encoding="UTF-8"?>
<!-- Generated by org.testng.reporters.JUnitReportReporter -->
<testsuite skipped="0" hostname="DESKTOP-U4UFQUC" name="com.taxgenie.testcases.Gstr2" tests="1" failures="0" timestamp="17 Jun 2019 13:58:57 GMT" time="3.099" errors="0">
  <testcase name="gstr2summ" time="3.099" classname="com.taxgenie.testcases.Gstr2"/>
</testsuite> <!-- com.taxgenie.testcases.Gstr2 -->
